Mon Mar 11 23:48: Login in to bale
Mon Mar 11 23:48: Login in to bale
Mon Mar 11 23:48: Login in to bale
Mon Mar 11 23:48: Login in to bale
Mon Mar 11 23:49: Login in to bale
Mon Mar 11 23:49: Login in to bale
Mon Mar 11 23:49: Login in to bale
Mon Mar 11 23:49: Login in to bale
Tue Mar 12 00:06: Login: bale
Tue Mar 12 00:06: Login: ghgh
Tue Mar 12 00:07: Login: ghgh
Tue Mar 12 00:07: Logout: ghgh

Tue Mar 12 00:07: Login: gghgh
Tue Mar 12 00:08: Login: guuge
Tue Mar 12 00:08: Logout: guuge

Tue Mar 12 00:08: Login: guuge
Tue Mar 12 00:09: Login: guuge
Tue Mar 12 00:09: Logout: guuge

Tue Mar 12 00:09: Login: guuge
Tue Mar 12 00:09: Logout: guuge

Tue Mar 12 00:09: Login: guugeas
Tue Mar 12 00:09: Logout: guugeas

Tue Mar 12 00:09: Login: guugeasasdfasdf
Tue Mar 12 00:10: Logout: guugeasasdfasdf

Tue Mar 12 00:11: Login: blag
Tue Mar 12 00:11: Logout: blag

Tue Mar 12 00:11: Login: blag
Tue Mar 12 00:11: Logout: blag

Tue Mar 12 00:11: Login: hkjhjk
